{"/Users/nagendra/Desktop/ZellerAssesmentNagendra/frontendApp/App.tsx": {"path":"/Users/nagendra/Desktop/ZellerAssesmentNagendra/frontendApp/App.tsx","statementMap":{"0":{"start":{"line":8,"column":50},"end":{"line":8,"column":81}},"1":{"start":{"line":10,"column":2},"end":{"line":31,"column":4}},"2":{"start":{"line":34,"column":15},"end":{"line":69,"column":2}}},"fnMap":{"0":{"name":"App","decl":{"start":{"line":7,"column":24},"end":{"line":7,"column":27}},"loc":{"start":{"line":7,"column":30},"end":{"line":32,"column":1}},"line":7}},"branchMap":{"0":{"loc":{"start":{"line":16,"column":7},"end":{"line":27,"column":7}},"type":"cond-expr","locations":[{"start":{"line":17,"column":8},"end":{"line":22,"column":15}},{"start":{"line":24,"column":8},"end":{"line":26,"column":10}}],"line":16}},"s":{"0":0,"1":0,"2":0},"f":{"0":0},"b":{"0":[0,0]}}
,"/Users/nagendra/Desktop/ZellerAssesmentNagendra/frontendApp/index.ts": {"path":"/Users/nagendra/Desktop/ZellerAssesmentNagendra/frontendApp/index.ts","statementMap":{"0":{"start":{"line":8,"column":0},"end":{"line":8,"column":27}}},"fnMap":{},"branchMap":{},"s":{"0":0},"f":{},"b":{}}
,"/Users/nagendra/Desktop/ZellerAssesmentNagendra/frontendApp/components/CustomerList.tsx": {"path":"/Users/nagendra/Desktop/ZellerAssesmentNagendra/frontendApp/components/CustomerList.tsx","statementMap":{"0":{"start":{"line":10,"column":50},"end":{"line":59,"column":1}},"1":{"start":{"line":11,"column":59},"end":{"line":11,"column":83}},"2":{"start":{"line":13,"column":29},"end":{"line":22,"column":3}},"3":{"start":{"line":14,"column":4},"end":{"line":21,"column":23}},"4":{"start":{"line":16,"column":21},"end":{"line":16,"column":63}},"5":{"start":{"line":24,"column":2},"end":{"line":30,"column":3}},"6":{"start":{"line":25,"column":4},"end":{"line":29,"column":6}},"7":{"start":{"line":32,"column":2},"end":{"line":39,"column":3}},"8":{"start":{"line":33,"column":4},"end":{"line":38,"column":6}},"9":{"start":{"line":41,"column":2},"end":{"line":58,"column":4}},"10":{"start":{"line":45,"column":30},"end":{"line":45,"column":37}},"11":{"start":{"line":61,"column":15},"end":{"line":101,"column":2}}},"fnMap":{"0":{"name":"(anonymous_0)","decl":{"start":{"line":10,"column":50},"end":{"line":10,"column":51}},"loc":{"start":{"line":10,"column":84},"end":{"line":59,"column":1}},"line":10},"1":{"name":"(anonymous_1)","decl":{"start":{"line":13,"column":29},"end":{"line":13,"column":30}},"loc":{"start":{"line":14,"column":4},"end":{"line":21,"column":23}},"line":14},"2":{"name":"(anonymous_2)","decl":{"start":{"line":16,"column":15},"end":{"line":16,"column":16}},"loc":{"start":{"line":16,"column":21},"end":{"line":16,"column":63}},"line":16},"3":{"name":"(anonymous_3)","decl":{"start":{"line":45,"column":20},"end":{"line":45,"column":21}},"loc":{"start":{"line":45,"column":30},"end":{"line":45,"column":37}},"line":45}},"branchMap":{"0":{"loc":{"start":{"line":16,"column":21},"end":{"line":16,"column":63}},"type":"binary-expr","locations":[{"start":{"line":16,"column":21},"end":{"line":16,"column":37}},{"start":{"line":16,"column":41},"end":{"line":16,"column":63}}],"line":16},"1":{"loc":{"start":{"line":24,"column":2},"end":{"line":30,"column":3}},"type":"if","locations":[{"start":{"line":24,"column":2},"end":{"line":30,"column":3}},{"start":{},"end":{}}],"line":24},"2":{"loc":{"start":{"line":24,"column":6},"end":{"line":24,"column":39}},"type":"binary-expr","locations":[{"start":{"line":24,"column":6},"end":{"line":24,"column":13}},{"start":{"line":24,"column":17},"end":{"line":24,"column":39}}],"line":24},"3":{"loc":{"start":{"line":32,"column":2},"end":{"line":39,"column":3}},"type":"if","locations":[{"start":{"line":32,"column":2},"end":{"line":39,"column":3}},{"start":{},"end":{}}],"line":32},"4":{"loc":{"start":{"line":32,"column":6},"end":{"line":32,"column":37}},"type":"binary-expr","locations":[{"start":{"line":32,"column":6},"end":{"line":32,"column":11}},{"start":{"line":32,"column":15},"end":{"line":32,"column":37}}],"line":32},"5":{"loc":{"start":{"line":51,"column":8},"end":{"line":55,"column":16}},"type":"cond-expr","locations":[{"start":{"line":52,"column":10},"end":{"line":54,"column":17}},{"start":{"line":55,"column":12},"end":{"line":55,"column":16}}],"line":51}},"s":{"0":0,"1":0,"2":0,"3":0,"4":0,"5":0,"6":0,"7":0,"8":0,"9":0,"10":0,"11":0},"f":{"0":0,"1":0,"2":0,"3":0},"b":{"0":[0,0],"1":[0,0],"2":[0,0],"3":[0,0],"4":[0,0],"5":[0,0]}}
,"/Users/nagendra/Desktop/ZellerAssesmentNagendra/frontendApp/hooks/useCustomers.ts": {"path":"/Users/nagendra/Desktop/ZellerAssesmentNagendra/frontendApp/hooks/useCustomers.ts","statementMap":{"0":{"start":{"line":11,"column":27},"end":{"line":33,"column":1}},"1":{"start":{"line":12,"column":34},"end":{"line":12,"column":65}},"2":{"start":{"line":13,"column":32},"end":{"line":13,"column":55}},"3":{"start":{"line":14,"column":28},"end":{"line":14,"column":56}},"4":{"start":{"line":16,"column":2},"end":{"line":30,"column":11}},"5":{"start":{"line":17,"column":26},"end":{"line":27,"column":5}},"6":{"start":{"line":18,"column":6},"end":{"line":26,"column":7}},"7":{"start":{"line":19,"column":8},"end":{"line":19,"column":25}},"8":{"start":{"line":20,"column":21},"end":{"line":20,"column":54}},"9":{"start":{"line":21,"column":8},"end":{"line":21,"column":26}},"10":{"start":{"line":23,"column":8},"end":{"line":23,"column":74}},"11":{"start":{"line":25,"column":8},"end":{"line":25,"column":26}},"12":{"start":{"line":29,"column":4},"end":{"line":29,"column":20}},"13":{"start":{"line":32,"column":2},"end":{"line":32,"column":38}},"14":{"start":{"line":35,"column":28},"end":{"line":81,"column":1}},"15":{"start":{"line":40,"column":36},"end":{"line":40,"column":60}},"16":{"start":{"line":41,"column":36},"end":{"line":41,"column":65}},"17":{"start":{"line":42,"column":32},"end":{"line":42,"column":55}},"18":{"start":{"line":43,"column":28},"end":{"line":43,"column":56}},"19":{"start":{"line":45,"column":2},"end":{"line":60,"column":15}},"20":{"start":{"line":46,"column":27},"end":{"line":57,"column":5}},"21":{"start":{"line":47,"column":6},"end":{"line":56,"column":7}},"22":{"start":{"line":48,"column":8},"end":{"line":48,"column":25}},"23":{"start":{"line":49,"column":25},"end":{"line":49,"column":64}},"24":{"start":{"line":50,"column":8},"end":{"line":50,"column":43}},"25":{"start":{"line":51,"column":8},"end":{"line":51,"column":49}},"26":{"start":{"line":53,"column":8},"end":{"line":53,"column":74}},"27":{"start":{"line":55,"column":8},"end":{"line":55,"column":26}},"28":{"start":{"line":59,"column":4},"end":{"line":59,"column":21}},"29":{"start":{"line":62,"column":19},"end":{"line":78,"column":3}},"30":{"start":{"line":63,"column":4},"end":{"line":63,"column":38}},"31":{"start":{"line":63,"column":31},"end":{"line":63,"column":38}},"32":{"start":{"line":65,"column":4},"end":{"line":77,"column":5}},"33":{"start":{"line":66,"column":6},"end":{"line":66,"column":23}},"34":{"start":{"line":67,"column":23},"end":{"line":70,"column":8}},"35":{"start":{"line":71,"column":6},"end":{"line":71,"column":65}},"36":{"start":{"line":71,"column":27},"end":{"line":71,"column":63}},"37":{"start":{"line":72,"column":6},"end":{"line":72,"column":47}},"38":{"start":{"line":74,"column":6},"end":{"line":74,"column":72}},"39":{"start":{"line":76,"column":6},"end":{"line":76,"column":24}},"40":{"start":{"line":80,"column":2},"end":{"line":80,"column":71}}},"fnMap":{"0":{"name":"(anonymous_0)","decl":{"start":{"line":11,"column":27},"end":{"line":11,"column":28}},"loc":{"start":{"line":11,"column":43},"end":{"line":33,"column":1}},"line":11},"1":{"name":"(anonymous_1)","decl":{"start":{"line":16,"column":12},"end":{"line":16,"column":13}},"loc":{"start":{"line":16,"column":18},"end":{"line":30,"column":3}},"line":16},"2":{"name":"(anonymous_2)","decl":{"start":{"line":17,"column":26},"end":{"line":17,"column":27}},"loc":{"start":{"line":17,"column":38},"end":{"line":27,"column":5}},"line":17},"3":{"name":"(anonymous_3)","decl":{"start":{"line":35,"column":28},"end":{"line":35,"column":29}},"loc":{"start":{"line":39,"column":6},"end":{"line":81,"column":1}},"line":39},"4":{"name":"(anonymous_4)","decl":{"start":{"line":45,"column":12},"end":{"line":45,"column":13}},"loc":{"start":{"line":45,"column":18},"end":{"line":60,"column":3}},"line":45},"5":{"name":"(anonymous_5)","decl":{"start":{"line":46,"column":27},"end":{"line":46,"column":28}},"loc":{"start":{"line":46,"column":39},"end":{"line":57,"column":5}},"line":46},"6":{"name":"(anonymous_6)","decl":{"start":{"line":62,"column":19},"end":{"line":62,"column":20}},"loc":{"start":{"line":62,"column":31},"end":{"line":78,"column":3}},"line":62},"7":{"name":"(anonymous_7)","decl":{"start":{"line":71,"column":19},"end":{"line":71,"column":20}},"loc":{"start":{"line":71,"column":27},"end":{"line":71,"column":63}},"line":71}},"branchMap":{"0":{"loc":{"start":{"line":23,"column":17},"end":{"line":23,"column":72}},"type":"cond-expr","locations":[{"start":{"line":23,"column":40},"end":{"line":23,"column":43}},{"start":{"line":23,"column":46},"end":{"line":23,"column":72}}],"line":23},"1":{"loc":{"start":{"line":50,"column":21},"end":{"line":50,"column":41}},"type":"binary-expr","locations":[{"start":{"line":50,"column":21},"end":{"line":50,"column":35}},{"start":{"line":50,"column":39},"end":{"line":50,"column":41}}],"line":50},"2":{"loc":{"start":{"line":51,"column":21},"end":{"line":51,"column":47}},"type":"binary-expr","locations":[{"start":{"line":51,"column":21},"end":{"line":51,"column":39}},{"start":{"line":51,"column":43},"end":{"line":51,"column":47}}],"line":51},"3":{"loc":{"start":{"line":53,"column":17},"end":{"line":53,"column":72}},"type":"cond-expr","locations":[{"start":{"line":53,"column":40},"end":{"line":53,"column":43}},{"start":{"line":53,"column":46},"end":{"line":53,"column":72}}],"line":53},"4":{"loc":{"start":{"line":63,"column":4},"end":{"line":63,"column":38}},"type":"if","locations":[{"start":{"line":63,"column":4},"end":{"line":63,"column":38}},{"start":{},"end":{}}],"line":63},"5":{"loc":{"start":{"line":63,"column":8},"end":{"line":63,"column":29}},"type":"binary-expr","locations":[{"start":{"line":63,"column":8},"end":{"line":63,"column":18}},{"start":{"line":63,"column":22},"end":{"line":63,"column":29}}],"line":63},"6":{"loc":{"start":{"line":71,"column":41},"end":{"line":71,"column":61}},"type":"binary-expr","locations":[{"start":{"line":71,"column":41},"end":{"line":71,"column":55}},{"start":{"line":71,"column":59},"end":{"line":71,"column":61}}],"line":71},"7":{"loc":{"start":{"line":72,"column":19},"end":{"line":72,"column":45}},"type":"binary-expr","locations":[{"start":{"line":72,"column":19},"end":{"line":72,"column":37}},{"start":{"line":72,"column":41},"end":{"line":72,"column":45}}],"line":72},"8":{"loc":{"start":{"line":74,"column":15},"end":{"line":74,"column":70}},"type":"cond-expr","locations":[{"start":{"line":74,"column":38},"end":{"line":74,"column":41}},{"start":{"line":74,"column":44},"end":{"line":74,"column":70}}],"line":74}},"s":{"0":0,"1":0,"2":0,"3":0,"4":0,"5":0,"6":0,"7":0,"8":0,"9":0,"10":0,"11":0,"12":0,"13":0,"14":0,"15":0,"16":0,"17":0,"18":0,"19":0,"20":0,"21":0,"22":0,"23":0,"24":0,"25":0,"26":0,"27":0,"28":0,"29":0,"30":0,"31":0,"32":0,"33":0,"34":0,"35":0,"36":0,"37":0,"38":0,"39":0,"40":0},"f":{"0":0,"1":0,"2":0,"3":0,"4":0,"5":0,"6":0,"7":0},"b":{"0":[0,0],"1":[0,0],"2":[0,0],"3":[0,0],"4":[0,0],"5":[0,0],"6":[0,0],"7":[0,0],"8":[0,0]}}
,"/Users/nagendra/Desktop/ZellerAssesmentNagendra/frontendApp/services/api.ts": {"path":"/Users/nagendra/Desktop/ZellerAssesmentNagendra/frontendApp/services/api.ts","statementMap":{"0":{"start":{"line":3,"column":18},"end":{"line":9,"column":2}},"1":{"start":{"line":11,"column":27},"end":{"line":35,"column":1}},"2":{"start":{"line":13,"column":4},"end":{"line":19,"column":5}},"3":{"start":{"line":14,"column":23},"end":{"line":14,"column":61}},"4":{"start":{"line":15,"column":6},"end":{"line":15,"column":27}},"5":{"start":{"line":17,"column":6},"end":{"line":17,"column":55}},"6":{"start":{"line":18,"column":6},"end":{"line":18,"column":18}},"7":{"start":{"line":27,"column":4},"end":{"line":33,"column":5}},"8":{"start":{"line":28,"column":23},"end":{"line":28,"column":68}},"9":{"start":{"line":29,"column":6},"end":{"line":29,"column":27}},"10":{"start":{"line":31,"column":6},"end":{"line":31,"column":55}},"11":{"start":{"line":32,"column":6},"end":{"line":32,"column":18}}},"fnMap":{"0":{"name":"(anonymous_0)","decl":{"start":{"line":12,"column":15},"end":{"line":12,"column":16}},"loc":{"start":{"line":12,"column":37},"end":{"line":20,"column":3}},"line":12},"1":{"name":"(anonymous_1)","decl":{"start":{"line":22,"column":17},"end":{"line":22,"column":18}},"loc":{"start":{"line":26,"column":8},"end":{"line":34,"column":3}},"line":26}},"branchMap":{},"s":{"0":0,"1":0,"2":0,"3":0,"4":0,"5":0,"6":0,"7":0,"8":0,"9":0,"10":0,"11":0},"f":{"0":0,"1":0},"b":{}}
}
