{"/Users/nagendra/Desktop/ZellerAssesmentNagendra/frontendApp/Home.tsx": {"path":"/Users/nagendra/Desktop/ZellerAssesmentNagendra/frontendApp/Home.tsx","statementMap":{"0":{"start":{"line":10,"column":64},"end":{"line":10,"column":77}},"1":{"start":{"line":11,"column":2},"end":{"line":34,"column":4}},"2":{"start":{"line":17,"column":159},"end":{"line":17,"column":182}},"3":{"start":{"line":21,"column":161},"end":{"line":21,"column":186}},"4":{"start":{"line":37,"column":15},"end":{"line":69,"column":2}}},"fnMap":{"0":{"name":"Home","decl":{"start":{"line":9,"column":24},"end":{"line":9,"column":28}},"loc":{"start":{"line":9,"column":31},"end":{"line":35,"column":1}},"line":9},"1":{"name":"(anonymous_1)","decl":{"start":{"line":17,"column":153},"end":{"line":17,"column":154}},"loc":{"start":{"line":17,"column":159},"end":{"line":17,"column":182}},"line":17},"2":{"name":"(anonymous_2)","decl":{"start":{"line":21,"column":155},"end":{"line":21,"column":156}},"loc":{"start":{"line":21,"column":161},"end":{"line":21,"column":186}},"line":21}},"branchMap":{"0":{"loc":{"start":{"line":17,"column":81},"end":{"line":17,"column":138}},"type":"cond-expr","locations":[{"start":{"line":17,"column":119},"end":{"line":17,"column":128}},{"start":{"line":17,"column":131},"end":{"line":17,"column":138}}],"line":17},"1":{"loc":{"start":{"line":21,"column":81},"end":{"line":21,"column":140}},"type":"cond-expr","locations":[{"start":{"line":21,"column":121},"end":{"line":21,"column":130}},{"start":{"line":21,"column":133},"end":{"line":21,"column":140}}],"line":21}},"s":{"0":0,"1":0,"2":0,"3":0,"4":0},"f":{"0":0,"1":0,"2":0},"b":{"0":[0,0],"1":[0,0]}}
,"/Users/nagendra/Desktop/ZellerAssesmentNagendra/frontendApp/index.ts": {"path":"/Users/nagendra/Desktop/ZellerAssesmentNagendra/frontendApp/index.ts","statementMap":{"0":{"start":{"line":8,"column":0},"end":{"line":8,"column":28}}},"fnMap":{},"branchMap":{},"s":{"0":0},"f":{},"b":{}}
,"/Users/nagendra/Desktop/ZellerAssesmentNagendra/frontendApp/components/CustomSelect.tsx": {"path":"/Users/nagendra/Desktop/ZellerAssesmentNagendra/frontendApp/components/CustomSelect.tsx","statementMap":{"0":{"start":{"line":8,"column":50},"end":{"line":14,"column":1}},"1":{"start":{"line":9,"column":4},"end":{"line":13,"column":6}},"2":{"start":{"line":16,"column":15},"end":{"line":32,"column":2}}},"fnMap":{"0":{"name":"(anonymous_0)","decl":{"start":{"line":8,"column":50},"end":{"line":8,"column":51}},"loc":{"start":{"line":8,"column":78},"end":{"line":14,"column":1}},"line":8}},"branchMap":{"0":{"loc":{"start":{"line":8,"column":53},"end":{"line":8,"column":71}},"type":"default-arg","locations":[{"start":{"line":8,"column":66},"end":{"line":8,"column":71}}],"line":8},"1":{"loc":{"start":{"line":11,"column":13},"end":{"line":11,"column":74}},"type":"binary-expr","locations":[{"start":{"line":11,"column":13},"end":{"line":11,"column":23}},{"start":{"line":11,"column":27},"end":{"line":11,"column":74}}],"line":11}},"s":{"0":0,"1":0,"2":0},"f":{"0":0},"b":{"0":[0],"1":[0,0]}}
,"/Users/nagendra/Desktop/ZellerAssesmentNagendra/frontendApp/components/CustomerList.tsx": {"path":"/Users/nagendra/Desktop/ZellerAssesmentNagendra/frontendApp/components/CustomerList.tsx","statementMap":{"0":{"start":{"line":10,"column":50},"end":{"line":68,"column":1}},"1":{"start":{"line":11,"column":40},"end":{"line":11,"column":54}},"2":{"start":{"line":12,"column":38},"end":{"line":12,"column":53}},"3":{"start":{"line":14,"column":20},"end":{"line":21,"column":3}},"4":{"start":{"line":15,"column":4},"end":{"line":15,"column":24}},"5":{"start":{"line":16,"column":4},"end":{"line":20,"column":5}},"6":{"start":{"line":17,"column":6},"end":{"line":17,"column":62}},"7":{"start":{"line":17,"column":35},"end":{"line":17,"column":60}},"8":{"start":{"line":19,"column":6},"end":{"line":19,"column":27}},"9":{"start":{"line":23,"column":29},"end":{"line":38,"column":20}},"10":{"start":{"line":31,"column":4},"end":{"line":37,"column":11}},"11":{"start":{"line":57,"column":2},"end":{"line":67,"column":4}},"12":{"start":{"line":61,"column":30},"end":{"line":61,"column":37}},"13":{"start":{"line":70,"column":15},"end":{"line":110,"column":2}}},"fnMap":{"0":{"name":"(anonymous_0)","decl":{"start":{"line":10,"column":50},"end":{"line":10,"column":51}},"loc":{"start":{"line":10,"column":72},"end":{"line":68,"column":1}},"line":10},"1":{"name":"(anonymous_1)","decl":{"start":{"line":14,"column":20},"end":{"line":14,"column":21}},"loc":{"start":{"line":14,"column":32},"end":{"line":21,"column":3}},"line":14},"2":{"name":"(anonymous_2)","decl":{"start":{"line":17,"column":24},"end":{"line":17,"column":25}},"loc":{"start":{"line":17,"column":35},"end":{"line":17,"column":60}},"line":17},"3":{"name":"(anonymous_3)","decl":{"start":{"line":23,"column":41},"end":{"line":23,"column":42}},"loc":{"start":{"line":31,"column":4},"end":{"line":37,"column":11}},"line":31},"4":{"name":"(anonymous_4)","decl":{"start":{"line":61,"column":20},"end":{"line":61,"column":21}},"loc":{"start":{"line":61,"column":30},"end":{"line":61,"column":37}},"line":61}},"branchMap":{"0":{"loc":{"start":{"line":32,"column":27},"end":{"line":32,"column":54}},"type":"binary-expr","locations":[{"start":{"line":32,"column":27},"end":{"line":32,"column":48}},{"start":{"line":32,"column":52},"end":{"line":32,"column":54}}],"line":32}},"s":{"0":0,"1":0,"2":0,"3":0,"4":0,"5":0,"6":0,"7":0,"8":0,"9":0,"10":0,"11":0,"12":0,"13":0},"f":{"0":0,"1":0,"2":0,"3":0,"4":0},"b":{"0":[0,0]}}
,"/Users/nagendra/Desktop/ZellerAssesmentNagendra/frontendApp/components/UserIconBox.tsx": {"path":"/Users/nagendra/Desktop/ZellerAssesmentNagendra/frontendApp/components/UserIconBox.tsx","statementMap":{"0":{"start":{"line":3,"column":27},"end":{"line":9,"column":1}},"1":{"start":{"line":4,"column":4},"end":{"line":8,"column":5}},"2":{"start":{"line":11,"column":15},"end":{"line":26,"column":2}}},"fnMap":{"0":{"name":"(anonymous_0)","decl":{"start":{"line":3,"column":27},"end":{"line":3,"column":28}},"loc":{"start":{"line":3,"column":63},"end":{"line":9,"column":1}},"line":3}},"branchMap":{"0":{"loc":{"start":{"line":3,"column":29},"end":{"line":3,"column":41}},"type":"default-arg","locations":[{"start":{"line":3,"column":38},"end":{"line":3,"column":41}}],"line":3}},"s":{"0":0,"1":0,"2":0},"f":{"0":0},"b":{"0":[0]}}
,"/Users/nagendra/Desktop/ZellerAssesmentNagendra/frontendApp/hooks/useCustomers.ts": {"path":"/Users/nagendra/Desktop/ZellerAssesmentNagendra/frontendApp/hooks/useCustomers.ts","statementMap":{"0":{"start":{"line":11,"column":27},"end":{"line":33,"column":1}},"1":{"start":{"line":12,"column":34},"end":{"line":12,"column":65}},"2":{"start":{"line":13,"column":32},"end":{"line":13,"column":55}},"3":{"start":{"line":14,"column":28},"end":{"line":14,"column":56}},"4":{"start":{"line":32,"column":2},"end":{"line":32,"column":38}},"5":{"start":{"line":35,"column":28},"end":{"line":60,"column":1}},"6":{"start":{"line":36,"column":36},"end":{"line":36,"column":60}},"7":{"start":{"line":37,"column":32},"end":{"line":37,"column":55}},"8":{"start":{"line":38,"column":28},"end":{"line":38,"column":56}},"9":{"start":{"line":40,"column":2},"end":{"line":56,"column":9}},"10":{"start":{"line":41,"column":27},"end":{"line":53,"column":5}},"11":{"start":{"line":42,"column":6},"end":{"line":52,"column":7}},"12":{"start":{"line":43,"column":8},"end":{"line":43,"column":25}},"13":{"start":{"line":44,"column":25},"end":{"line":44,"column":58}},"14":{"start":{"line":46,"column":8},"end":{"line":46,"column":30}},"15":{"start":{"line":49,"column":8},"end":{"line":49,"column":74}},"16":{"start":{"line":51,"column":8},"end":{"line":51,"column":26}},"17":{"start":{"line":55,"column":4},"end":{"line":55,"column":21}},"18":{"start":{"line":59,"column":2},"end":{"line":59,"column":38}}},"fnMap":{"0":{"name":"(anonymous_0)","decl":{"start":{"line":11,"column":27},"end":{"line":11,"column":28}},"loc":{"start":{"line":11,"column":43},"end":{"line":33,"column":1}},"line":11},"1":{"name":"(anonymous_1)","decl":{"start":{"line":35,"column":28},"end":{"line":35,"column":29}},"loc":{"start":{"line":35,"column":34},"end":{"line":60,"column":1}},"line":35},"2":{"name":"(anonymous_2)","decl":{"start":{"line":40,"column":12},"end":{"line":40,"column":13}},"loc":{"start":{"line":40,"column":18},"end":{"line":56,"column":3}},"line":40},"3":{"name":"(anonymous_3)","decl":{"start":{"line":41,"column":27},"end":{"line":41,"column":28}},"loc":{"start":{"line":41,"column":39},"end":{"line":53,"column":5}},"line":41}},"branchMap":{"0":{"loc":{"start":{"line":49,"column":17},"end":{"line":49,"column":72}},"type":"cond-expr","locations":[{"start":{"line":49,"column":40},"end":{"line":49,"column":43}},{"start":{"line":49,"column":46},"end":{"line":49,"column":72}}],"line":49}},"s":{"0":0,"1":0,"2":0,"3":0,"4":0,"5":0,"6":0,"7":0,"8":0,"9":0,"10":0,"11":0,"12":0,"13":0,"14":0,"15":0,"16":0,"17":0,"18":0},"f":{"0":0,"1":0,"2":0,"3":0},"b":{"0":[0,0]}}
,"/Users/nagendra/Desktop/ZellerAssesmentNagendra/frontendApp/hooks/useHome.ts": {"path":"/Users/nagendra/Desktop/ZellerAssesmentNagendra/frontendApp/hooks/useHome.ts","statementMap":{"0":{"start":{"line":4,"column":27},"end":{"line":51,"column":1}},"1":{"start":{"line":9,"column":50},"end":{"line":9,"column":82}},"2":{"start":{"line":10,"column":25},"end":{"line":12,"column":3}},"3":{"start":{"line":11,"column":4},"end":{"line":11,"column":30}},"4":{"start":{"line":13,"column":35},"end":{"line":38,"column":3}},"5":{"start":{"line":39,"column":34},"end":{"line":39,"column":68}},"6":{"start":{"line":41,"column":2},"end":{"line":44,"column":24}},"7":{"start":{"line":42,"column":21},"end":{"line":42,"column":82}},"8":{"start":{"line":42,"column":51},"end":{"line":42,"column":81}},"9":{"start":{"line":43,"column":4},"end":{"line":43,"column":26}},"10":{"start":{"line":45,"column":2},"end":{"line":50,"column":3}}},"fnMap":{"0":{"name":"(anonymous_0)","decl":{"start":{"line":4,"column":27},"end":{"line":4,"column":28}},"loc":{"start":{"line":4,"column":33},"end":{"line":51,"column":1}},"line":4},"1":{"name":"(anonymous_1)","decl":{"start":{"line":10,"column":25},"end":{"line":10,"column":26}},"loc":{"start":{"line":10,"column":43},"end":{"line":12,"column":3}},"line":10},"2":{"name":"(anonymous_2)","decl":{"start":{"line":41,"column":12},"end":{"line":41,"column":13}},"loc":{"start":{"line":41,"column":18},"end":{"line":44,"column":3}},"line":41},"3":{"name":"(anonymous_3)","decl":{"start":{"line":42,"column":41},"end":{"line":42,"column":42}},"loc":{"start":{"line":42,"column":51},"end":{"line":42,"column":81}},"line":42}},"branchMap":{},"s":{"0":0,"1":0,"2":0,"3":0,"4":0,"5":0,"6":0,"7":0,"8":0,"9":0,"10":0},"f":{"0":0,"1":0,"2":0,"3":0},"b":{}}
,"/Users/nagendra/Desktop/ZellerAssesmentNagendra/frontendApp/services/api.ts": {"path":"/Users/nagendra/Desktop/ZellerAssesmentNagendra/frontendApp/services/api.ts","statementMap":{"0":{"start":{"line":4,"column":23},"end":{"line":29,"column":1}},"1":{"start":{"line":31,"column":27},"end":{"line":82,"column":1}},"2":{"start":{"line":33,"column":4},"end":{"line":49,"column":5}},"3":{"start":{"line":35,"column":23},"end":{"line":40,"column":7}},"4":{"start":{"line":35,"column":48},"end":{"line":35,"column":59}},"5":{"start":{"line":43,"column":6},"end":{"line":43,"column":61}},"6":{"start":{"line":43,"column":35},"end":{"line":43,"column":59}},"7":{"start":{"line":45,"column":6},"end":{"line":45,"column":22}},"8":{"start":{"line":47,"column":6},"end":{"line":47,"column":55}},"9":{"start":{"line":48,"column":6},"end":{"line":48,"column":18}},"10":{"start":{"line":53,"column":4},"end":{"line":53,"column":26}},"11":{"start":{"line":54,"column":18},"end":{"line":66,"column":5}},"12":{"start":{"line":68,"column":4},"end":{"line":80,"column":5}},"13":{"start":{"line":69,"column":23},"end":{"line":75,"column":8}},"14":{"start":{"line":76,"column":6},"end":{"line":76,"column":56}},"15":{"start":{"line":77,"column":6},"end":{"line":77,"column":27}},"16":{"start":{"line":79,"column":6},"end":{"line":79,"column":45}}},"fnMap":{"0":{"name":"(anonymous_0)","decl":{"start":{"line":32,"column":15},"end":{"line":32,"column":16}},"loc":{"start":{"line":32,"column":37},"end":{"line":50,"column":3}},"line":32},"1":{"name":"(anonymous_1)","decl":{"start":{"line":35,"column":43},"end":{"line":35,"column":44}},"loc":{"start":{"line":35,"column":48},"end":{"line":35,"column":59}},"line":35},"2":{"name":"(anonymous_2)","decl":{"start":{"line":43,"column":24},"end":{"line":43,"column":25}},"loc":{"start":{"line":43,"column":35},"end":{"line":43,"column":59}},"line":43},"3":{"name":"(anonymous_3)","decl":{"start":{"line":52,"column":18},"end":{"line":52,"column":19}},"loc":{"start":{"line":52,"column":30},"end":{"line":81,"column":3}},"line":52}},"branchMap":{"0":{"loc":{"start":{"line":35,"column":23},"end":{"line":40,"column":7}},"type":"binary-expr","locations":[{"start":{"line":35,"column":23},"end":{"line":35,"column":60}},{"start":{"line":35,"column":64},"end":{"line":40,"column":7}}],"line":35}},"s":{"0":0,"1":0,"2":0,"3":0,"4":0,"5":0,"6":0,"7":0,"8":0,"9":0,"10":0,"11":0,"12":0,"13":0,"14":0,"15":0,"16":0},"f":{"0":0,"1":0,"2":0,"3":0},"b":{"0":[0,0]}}
}
